2025.04.21.19.40.01 INFO  utils.LoggerHandler - Clicked On popUp
2025.04.21.19.40.02 INFO  utils.LoggerHandler - Clicked On Furniture
2025.04.21.19.40.03 INFO  utils.LoggerHandler - Verified Furniture.html
2025.04.21.19.40.03 INFO  utils.LoggerHandler - Verified Furniture title
2025.04.21.19.40.04 INFO  utils.LoggerHandler - Clicked On logo
2025.04.21.19.40.07 INFO  utils.LoggerHandler - Clicked On Apparel Clothing
2025.04.21.19.40.07 INFO  utils.LoggerHandler - Verified Apparel-Clothing.html
2025.04.21.19.40.07 INFO  utils.LoggerHandler - Verified Apparel Title
2025.04.21.19.40.08 INFO  utils.LoggerHandler - Clicked On logo
2025.04.21.19.40.11 INFO  utils.LoggerHandler - Clicked On Auto Parts
2025.04.21.19.40.11 INFO  utils.LoggerHandler - Verified Auto-Parts-Accessories.html
2025.04.21.19.40.11 INFO  utils.LoggerHandler - Verified Auto Parts & Accessories Title
2025.04.21.19.40.12 INFO  utils.LoggerHandler - Clicked On logo
2025.04.21.19.40.14 INFO  utils.LoggerHandler - Clicked On Bags Cases
2025.04.21.19.40.15 INFO  utils.LoggerHandler - Verified Bags-Cases-Luggages.html
2025.04.21.19.40.15 INFO  utils.LoggerHandler - Verified Bags, Cases & Luggages title
2025.04.21.19.40.16 INFO  utils.LoggerHandler - Clicked On logo
2025.04.21.19.40.18 INFO  utils.LoggerHandler - Clicked On Computer Products
2025.04.21.19.40.19 INFO  utils.LoggerHandler - Verified Computer-Products.html
2025.04.21.19.40.19 INFO  utils.LoggerHandler - Verified Computer Products title
2025.04.21.19.40.20 INFO  utils.LoggerHandler - Clicked On logo
2025.04.21.19.40.23 INFO  utils.LoggerHandler - Clicked On Consumer Electronic
2025.04.21.19.40.23 INFO  utils.LoggerHandler - Verified Consumer-Electronics.html
2025.04.21.19.40.23 INFO  utils.LoggerHandler - Verified Consumer Electronics title
2025.04.21.19.40.25 INFO  utils.LoggerHandler - Clicked On logo
2025.04.21.19.40.27 INFO  utils.LoggerHandler - Clicked On Electrical Equipment
2025.04.21.19.40.28 INFO  utils.LoggerHandler - Verified Electrical-Equipments.html
2025.04.21.19.40.28 INFO  utils.LoggerHandler - Verified Electrical Equipment title
2025.04.21.19.40.29 INFO  utils.LoggerHandler - Clicked On logo
2025.04.21.19.40.32 INFO  utils.LoggerHandler - Clicked On Electronic Components
2025.04.21.19.40.32 INFO  utils.LoggerHandler - Verified Electronic-Components.html
2025.04.21.19.40.32 INFO  utils.LoggerHandler - Verified Electronic Components title
2025.04.21.19.40.33 INFO  utils.LoggerHandler - Clicked On logo
2025.04.21.19.40.36 INFO  utils.LoggerHandler - Clicked On Gift Crafts
2025.04.21.19.40.37 INFO  utils.LoggerHandler - Verified Gifts-Crafts-Collectibles.html
2025.04.21.19.40.37 INFO  utils.LoggerHandler - Verified Gifts, Crafts & Collectibles title
2025.04.21.19.40.38 INFO  utils.LoggerHandler - Clicked On logo
2025.04.21.19.40.41 INFO  utils.LoggerHandler - Clicked On MotorCycles
2025.04.21.19.40.41 INFO  utils.LoggerHandler - Verified Motorcycles-Scooters.html
2025.04.21.19.40.41 INFO  utils.LoggerHandler - Verified Motorcycles & Scooters title
2025.04.21.19.40.42 INFO  utils.LoggerHandler - Clicked On logo
2025.04.21.19.40.45 INFO  utils.LoggerHandler - Clicked On Sealing Package
2025.04.21.19.40.46 INFO  utils.LoggerHandler - Verified Sealing-Packaging-Storage-Shelving.html
2025.04.21.19.40.46 INFO  utils.LoggerHandler - Verified Sealing, Packaging, Storage & Shelving title
2025.04.21.19.40.47 INFO  utils.LoggerHandler - Clicked On logo
2025.04.21.19.40.51 INFO  utils.LoggerHandler - Clicked On Building Materials
2025.04.21.19.40.51 INFO  utils.LoggerHandler - Verified Building-Materials-Supplies.html
2025.04.21.19.40.51 INFO  utils.LoggerHandler - Verified Building Materials & Supplies title
