2025.04.22.11.18.25 INFO  utils.LoggerHandler - Clicked on the xmark
2025.04.22.11.18.25 INFO  utils.LoggerHandler - Clicked on the search bar
2025.04.22.11.18.25 INFO  utils.LoggerHandler - Data sent to the search bar
2025.04.22.11.18.27 INFO  utils.LoggerHandler - Enter action performed
2025.04.22.11.18.28 INFO  utils.LoggerHandler - Clicked on the first contactNow
2025.04.22.11.18.29 INFO  utils.LoggerHandler - Clicked on the textArea
2025.04.22.11.18.30 INFO  utils.LoggerHandler - Data sent to the textArea
2025.04.22.11.18.30 INFO  utils.LoggerHandler - Clicked on the emailInput
2025.04.22.11.18.30 INFO  utils.LoggerHandler - Data sent to the emailInput
2025.04.22.11.18.30 INFO  utils.LoggerHandler - Clicked on the sendInquryNow
2025.04.22.11.18.35 INFO  utils.LoggerHandler - Text Not Verified
2025.04.22.11.18.51 INFO  utils.LoggerHandler - Clicked on the accountPassword
2025.04.22.11.19.07 INFO  utils.LoggerHandler - Data sent to the emailInput
2025.04.22.11.19.22 INFO  utils.LoggerHandler - Clicked on the checkBox
2025.04.22.11.19.38 INFO  utils.LoggerHandler - Clicked on the verifyEmail
2025.04.22.11.19.42 INFO  utils.LoggerHandler - Clicked on the xmark
2025.04.22.11.19.42 INFO  utils.LoggerHandler - Clicked on the search bar
2025.04.22.11.19.42 INFO  utils.LoggerHandler - Data sent to the search bar
2025.04.22.11.19.44 INFO  utils.LoggerHandler - Enter action performed
2025.04.22.11.19.44 INFO  utils.LoggerHandler - Text Verified
2025.04.22.11.19.46 INFO  utils.LoggerHandler - Clicked on the firstProduct
2025.04.22.11.19.49 INFO  utils.LoggerHandler - Clicked on the logo
2025.04.22.11.19.49 INFO  utils.LoggerHandler - Clicked on the search bar
2025.04.22.11.19.50 INFO  utils.LoggerHandler - Data sent to the search bar
2025.04.22.11.19.52 INFO  utils.LoggerHandler - Enter action performed
2025.04.22.11.19.52 INFO  utils.LoggerHandler - Text Verified
2025.04.22.11.19.55 INFO  utils.LoggerHandler - Clicked on the clickOn2InPagination
2025.04.22.11.19.57 INFO  utils.LoggerHandler - Clicked on the logo
2025.04.22.11.19.57 INFO  utils.LoggerHandler - Title Verified
