2025.04.21.17.42.27 INFO  utils.LoggerHandler - Successfully clicked on Machine Tools
2025.04.21.17.42.27 INFO  utils.LoggerHandler - Successfully  verified the url abc
2025.04.21.17.42.27 INFO  utils.LoggerHandler - Successfully  navigated Back
2025.04.21.17.42.28 INFO  utils.LoggerHandler - Successfully clicked on Agricultural Machinery
2025.04.21.17.42.28 INFO  utils.LoggerHandler - Successfully  verified the url abc
2025.04.21.17.42.28 INFO  utils.LoggerHandler - Successfully  navigated Back
2025.04.21.17.42.28 INFO  utils.LoggerHandler - Successfully clicked on Woodworking Machinery
2025.04.21.17.42.28 INFO  utils.LoggerHandler - Successfully  verified the url abc
2025.04.21.17.42.28 INFO  utils.LoggerHandler - Successfully  navigated Back
2025.04.21.17.42.28 INFO  utils.LoggerHandler - Successfully clicked on Plastic Machinery
2025.04.21.17.42.28 INFO  utils.LoggerHandler - Successfully  verified the url abc
2025.04.21.17.42.28 INFO  utils.LoggerHandler - Successfully  navigated Back
2025.04.21.17.42.28 INFO  utils.LoggerHandler - Successfully clicked on Metallic Processing Machinery
2025.04.21.17.42.28 INFO  utils.LoggerHandler - Successfully  verified the url abc
2025.04.21.17.42.28 INFO  utils.LoggerHandler - Successfully  navigated Back
2025.04.21.17.42.28 INFO  utils.LoggerHandler - Successfully clicked on Mould
2025.04.21.17.42.28 INFO  utils.LoggerHandler - Successfully  verified the url abc
2025.04.21.17.42.28 INFO  utils.LoggerHandler - Successfully  navigated Back
2025.04.21.17.42.28 INFO  utils.LoggerHandler - Successfully clicked on Laser Equipment
2025.04.21.17.42.28 INFO  utils.LoggerHandler - Successfully  verified the url abc
2025.04.21.17.42.28 INFO  utils.LoggerHandler - Successfully  navigated Back
2025.04.21.17.42.28 INFO  utils.LoggerHandler - click on casting
2025.04.21.17.42.28 INFO  utils.LoggerHandler - Successfully clicked on Casting & Forging
2025.04.21.17.42.28 INFO  utils.LoggerHandler - Successfully  verified the url abc
2025.04.21.17.42.28 INFO  utils.LoggerHandler - Successfully  navigated Back
2025.04.21.17.42.29 INFO  utils.LoggerHandler - Successfully clicked on Agricultural Machinery
2025.04.21.17.42.29 INFO  utils.LoggerHandler - Successfully  verified the url abc
2025.04.21.17.42.29 INFO  utils.LoggerHandler - Successfully  navigated Back
