2025.04.21.18.50.27 INFO  utils.LoggerHandler - Successfully clicked on Machine Tools
2025.04.21.18.50.28 INFO  utils.LoggerHandler - Successfully  verified the url abc
2025.04.21.18.50.28 INFO  utils.LoggerHandler - Successfully  navigated Back
2025.04.21.18.50.29 INFO  utils.LoggerHandler - Successfully clicked on Agricultural Machinery
2025.04.21.18.50.31 INFO  utils.LoggerHandler - Successfully  verified the url abc
2025.04.21.18.50.31 INFO  utils.LoggerHandler - Successfully  navigated Back
2025.04.21.18.50.32 INFO  utils.LoggerHandler - Successfully clicked on Woodworking Machinery
2025.04.21.18.50.34 INFO  utils.LoggerHandler - Successfully  verified the url abc
2025.04.21.18.50.34 INFO  utils.LoggerHandler - Successfully  navigated Back
2025.04.21.18.50.35 INFO  utils.LoggerHandler - Successfully clicked on Plastic Machinery
2025.04.21.18.50.37 INFO  utils.LoggerHandler - Successfully  verified the url abc
2025.04.21.18.50.37 INFO  utils.LoggerHandler - Successfully  navigated Back
2025.04.21.18.50.38 INFO  utils.LoggerHandler - Successfully clicked on Metallic Processing Machinery
2025.04.21.18.50.40 INFO  utils.LoggerHandler - Successfully  verified the url abc
2025.04.21.18.50.40 INFO  utils.LoggerHandler - Successfully  navigated Back
2025.04.21.18.50.42 INFO  utils.LoggerHandler - Successfully clicked on Mould
2025.04.21.18.50.43 INFO  utils.LoggerHandler - Successfully  verified the url abc
2025.04.21.18.50.43 INFO  utils.LoggerHandler - Successfully  navigated Back
2025.04.21.18.50.44 INFO  utils.LoggerHandler - Successfully clicked on Laser Equipment
2025.04.21.18.50.46 INFO  utils.LoggerHandler - Successfully  verified the url abc
2025.04.21.18.50.46 INFO  utils.LoggerHandler - Successfully  navigated Back
2025.04.21.18.50.48 INFO  utils.LoggerHandler - click on casting
2025.04.21.18.50.48 INFO  utils.LoggerHandler - Successfully clicked on Casting & Forging
2025.04.21.18.50.49 INFO  utils.LoggerHandler - Successfully  verified the url abc
2025.04.21.18.50.50 INFO  utils.LoggerHandler - Successfully  navigated Back
2025.04.21.18.50.51 INFO  utils.LoggerHandler - Successfully clicked on Agricultural Machinery
2025.04.21.18.50.53 INFO  utils.LoggerHandler - Successfully  verified the url abc
