2025.04.21.20.20.49 INFO  utils.LoggerHandler - Clicked on the xmark
2025.04.21.20.20.49 INFO  utils.LoggerHandler - Clicked on the search bar
2025.04.21.20.20.49 INFO  utils.LoggerHandler - Data sent to the search bar
2025.04.21.20.20.50 INFO  utils.LoggerHandler - Enter action performed
2025.04.21.20.20.51 INFO  utils.LoggerHandler - Clicked on the first product
2025.04.21.20.20.53 INFO  utils.LoggerHandler - Clicked on the contactSupplier
2025.04.21.20.20.54 INFO  utils.LoggerHandler - Clicked on the textArea
2025.04.21.20.20.54 INFO  utils.LoggerHandler - Data sent to the textArea
2025.04.21.20.20.55 INFO  utils.LoggerHandler - Clicked on the emailInput
2025.04.21.20.20.55 INFO  utils.LoggerHandler - Data sent to the emailInput
2025.04.21.20.20.55 INFO  utils.LoggerHandler - Clicked on the sendInquryNow
2025.04.21.20.21.00 INFO  utils.LoggerHandler - Text Not Verified
2025.04.21.20.21.16 INFO  utils.LoggerHandler - Clicked on the accountPassword
2025.04.21.20.21.31 INFO  utils.LoggerHandler - Data sent to the emailInput
2025.04.21.20.21.47 INFO  utils.LoggerHandler - Clicked on the checkBox
2025.04.21.20.21.59 INFO  utils.LoggerHandler - Clicked on the verifyEmail
2025.04.21.20.22.01 INFO  utils.LoggerHandler - Clicked on the xmark
2025.04.21.20.22.02 INFO  utils.LoggerHandler - Clicked on the search bar
2025.04.21.20.22.02 INFO  utils.LoggerHandler - Data sent to the search bar
2025.04.21.20.22.04 INFO  utils.LoggerHandler - Enter action performed
2025.04.21.20.22.04 INFO  utils.LoggerHandler - Text Verified
2025.04.21.20.22.05 INFO  utils.LoggerHandler - Clicked on the firstProduct
2025.04.21.20.22.07 INFO  utils.LoggerHandler - Clicked on the logo
2025.04.21.20.22.08 INFO  utils.LoggerHandler - Clicked on the search bar
2025.04.21.20.22.08 INFO  utils.LoggerHandler - Data sent to the search bar
2025.04.21.20.22.10 INFO  utils.LoggerHandler - Enter action performed
2025.04.21.20.22.10 INFO  utils.LoggerHandler - Text Verified
2025.04.21.20.22.11 INFO  utils.LoggerHandler - Clicked on the clickOn2InPagination
2025.04.21.20.22.27 INFO  utils.LoggerHandler - Clicked on the logo
