2025.04.21.19.13.05 INFO  utils.LoggerHandler - Successfully clicked on Machine Tools
2025.04.21.19.13.06 INFO  utils.LoggerHandler - Successfully  verified the url /Manufacturing-Processing-Machinery-Catalog/Machine-Tools.html
2025.04.21.19.13.07 INFO  utils.LoggerHandler - Successfully  navigated Back
2025.04.21.19.13.07 INFO  utils.LoggerHandler - Successfully clicked on Agricultural Machinery
2025.04.21.19.13.09 INFO  utils.LoggerHandler - Successfully  verified the url /Manufacturing-Processing-Machinery-Catalog/Engineering-Construction-Machinery.html
2025.04.21.19.13.09 INFO  utils.LoggerHandler - Successfully  navigated Back
2025.04.21.19.13.09 INFO  utils.LoggerHandler - Successfully clicked on Woodworking Machinery
2025.04.21.19.13.11 INFO  utils.LoggerHandler - Successfully  verified the url /Manufacturing-Processing-Machinery-Catalog/Woodworking-Machinery.html
2025.04.21.19.13.11 INFO  utils.LoggerHandler - Successfully  navigated Back
2025.04.21.19.13.12 INFO  utils.LoggerHandler - Successfully clicked on Plastic Machinery
2025.04.21.19.13.13 INFO  utils.LoggerHandler - Successfully  verified the url /Manufacturing-Processing-Machinery-Catalog/Plastic-Machinery.html
2025.04.21.19.13.13 INFO  utils.LoggerHandler - Successfully  navigated Back
2025.04.21.19.13.14 INFO  utils.LoggerHandler - Successfully clicked on Metallic Processing Machinery
2025.04.21.19.13.16 INFO  utils.LoggerHandler - Successfully  verified the url /Manufacturing-Processing-Machinery-Catalog/Metallic-Processing-Machinery.html
2025.04.21.19.13.16 INFO  utils.LoggerHandler - Successfully  navigated Back
2025.04.21.19.13.17 INFO  utils.LoggerHandler - Successfully clicked on Mould
2025.04.21.19.13.18 INFO  utils.LoggerHandler - Successfully  verified the url /Manufacturing-Processing-Machinery-Catalog/Mould.html
2025.04.21.19.13.18 INFO  utils.LoggerHandler - Successfully  navigated Back
2025.04.21.19.13.19 INFO  utils.LoggerHandler - Successfully clicked on Laser Equipment
2025.04.21.19.13.20 INFO  utils.LoggerHandler - Successfully  verified the url /Manufacturing-Processing-Machinery-Catalog/Laser-Equipment.html
2025.04.21.19.13.20 INFO  utils.LoggerHandler - Successfully  navigated Back
2025.04.21.19.13.22 INFO  utils.LoggerHandler - click on casting
2025.04.21.19.13.22 INFO  utils.LoggerHandler - Successfully clicked on Casting & Forging
2025.04.21.19.13.23 INFO  utils.LoggerHandler - Successfully  verified the url /Manufacturing-Processing-Machinery-Catalog/Casting-Forging.html
2025.04.21.19.13.23 INFO  utils.LoggerHandler - Successfully  navigated Back
2025.04.21.19.13.24 INFO  utils.LoggerHandler - Successfully clicked on Agricultural Machinery
2025.04.21.19.13.25 INFO  utils.LoggerHandler - Successfully  verified the url /Manufacturing-Processing-Machinery-Catalog/Agricultural-Machinery.html
