2025.04.21.16.16.45 INFO  utils.LoggerHandler - Successfully Clicked on the Manufacturing & Processing Machinery
2025.04.21.16.16.45 INFO  utils.LoggerHandler - Successfully  verified the heading Manufacturing & Processing Machinery
2025.04.21.16.16.45 INFO  utils.LoggerHandler - Successfully  navigated Back
2025.04.21.16.16.47 INFO  utils.LoggerHandler - Successfully Clicked on the Consumer Electronics
2025.04.21.16.16.47 INFO  utils.LoggerHandler - Successfully  verified the heading Consumer Electronics
2025.04.21.16.16.48 INFO  utils.LoggerHandler - Successfully  navigated Back
2025.04.21.16.16.50 INFO  utils.LoggerHandler - Successfully Clicked on the Industrial Equipment & Components
2025.04.21.16.16.50 INFO  utils.LoggerHandler - Successfully  verified the heading Industrial Equipment & Components
2025.04.21.16.16.50 INFO  utils.LoggerHandler - Successfully  navigated Back
2025.04.21.16.16.52 INFO  utils.LoggerHandler - Successfully Clicked on the Electrical & Electronics
2025.04.21.16.16.52 INFO  utils.LoggerHandler - Successfully  verified the heading Electrical & Electronics
2025.04.21.16.16.52 INFO  utils.LoggerHandler - Successfully  navigated Back
2025.04.21.16.16.54 INFO  utils.LoggerHandler - Successfully Clicked on the Construction & Decoration
2025.04.21.16.16.54 INFO  utils.LoggerHandler - Successfully  verified the heading Construction & Decoration
2025.04.21.16.16.55 INFO  utils.LoggerHandler - Successfully  navigated Back
2025.04.21.16.16.56 INFO  utils.LoggerHandler - Successfully Clicked on the Light Industry & Daily Use
2025.04.21.16.16.56 INFO  utils.LoggerHandler - Successfully  verified the heading Light Industry & Daily Use
2025.04.21.16.16.57 INFO  utils.LoggerHandler - Successfully  navigated Back
2025.04.21.16.16.58 INFO  utils.LoggerHandler - Successfully Clicked on the Auto, Motorcycle Parts & Accessories
2025.04.21.16.16.59 INFO  utils.LoggerHandler - Successfully  verified the heading Auto, Motorcycle Parts & Accessories
2025.04.21.16.16.59 INFO  utils.LoggerHandler - Successfully  navigated Back
2025.04.21.16.17.01 INFO  utils.LoggerHandler - Successfully Clicked on the Apparel & Accessories
2025.04.21.16.17.01 INFO  utils.LoggerHandler - Successfully  verified the heading Apparel & Accessories
2025.04.21.16.17.01 INFO  utils.LoggerHandler - Successfully  navigated Back
2025.04.21.16.17.03 INFO  utils.LoggerHandler - Successfully Clicked on the Lights & Lighting
2025.04.21.16.17.03 INFO  utils.LoggerHandler - Successfully  verified the heading Lights & Lighting
2025.04.21.16.17.03 INFO  utils.LoggerHandler - Successfully  navigated Back
2025.04.21.16.17.05 INFO  utils.LoggerHandler - Successfully Clicked on the Sporting Goods & Recreation
2025.04.21.16.17.05 INFO  utils.LoggerHandler - Successfully  verified the heading Sporting Goods & Recreation
