2025.04.21.19.08.55 INFO  utils.LoggerHandler - Clicked On popUp
2025.04.21.19.08.56 INFO  utils.LoggerHandler - Clicked On Furniture
2025.04.21.19.08.57 INFO  utils.LoggerHandler - Verified Furniture.html
2025.04.21.19.08.57 INFO  utils.LoggerHandler - Verified Furniture title
2025.04.21.19.08.58 INFO  utils.LoggerHandler - Clicked On logo
2025.04.21.19.09.01 INFO  utils.LoggerHandler - Clicked On Apparel Clothing
2025.04.21.19.09.01 INFO  utils.LoggerHandler - Verified Apparel-Clothing.html
2025.04.21.19.09.01 INFO  utils.LoggerHandler - Verified Apparel Title
2025.04.21.19.09.02 INFO  utils.LoggerHandler - Clicked On logo
2025.04.21.19.09.05 INFO  utils.LoggerHandler - Clicked On Auto Parts
2025.04.21.19.09.06 INFO  utils.LoggerHandler - Verified Auto-Parts-Accessories.html
2025.04.21.19.09.06 INFO  utils.LoggerHandler - Verified Auto Parts & Accessories Title
2025.04.21.19.09.07 INFO  utils.LoggerHandler - Clicked On logo
2025.04.21.19.09.09 INFO  utils.LoggerHandler - Clicked On Bags Cases
2025.04.21.19.09.10 INFO  utils.LoggerHandler - Verified Bags-Cases-Luggages.html
2025.04.21.19.09.10 INFO  utils.LoggerHandler - Verified Bags, Cases & Luggages title
2025.04.21.19.09.11 INFO  utils.LoggerHandler - Clicked On logo
2025.04.21.19.09.13 INFO  utils.LoggerHandler - Clicked On Computer Products
2025.04.21.19.09.14 INFO  utils.LoggerHandler - Verified Computer-Products.html
2025.04.21.19.09.14 INFO  utils.LoggerHandler - Verified Computer Products title
2025.04.21.19.09.15 INFO  utils.LoggerHandler - Clicked On logo
2025.04.21.19.09.17 INFO  utils.LoggerHandler - Clicked On Consumer Electronic
2025.04.21.19.09.18 INFO  utils.LoggerHandler - Verified Consumer-Electronics.html
2025.04.21.19.09.18 INFO  utils.LoggerHandler - Verified Consumer Electronics title
2025.04.21.19.09.19 INFO  utils.LoggerHandler - Clicked On logo
2025.04.21.19.09.21 INFO  utils.LoggerHandler - Clicked On Electrical Equipment
2025.04.21.19.09.22 INFO  utils.LoggerHandler - Verified Electrical-Equipments.html
2025.04.21.19.09.22 INFO  utils.LoggerHandler - Verified Electrical Equipment title
2025.04.21.19.09.23 INFO  utils.LoggerHandler - Clicked On logo
2025.04.21.19.09.26 INFO  utils.LoggerHandler - Clicked On Electronic Components
2025.04.21.19.09.26 INFO  utils.LoggerHandler - Verified Electronic-Components.html
2025.04.21.19.09.26 INFO  utils.LoggerHandler - Verified Electronic Components title
2025.04.21.19.09.28 INFO  utils.LoggerHandler - Clicked On logo
2025.04.21.19.09.30 INFO  utils.LoggerHandler - Clicked On Gift Crafts
2025.04.21.19.09.31 INFO  utils.LoggerHandler - Verified Gifts-Crafts-Collectibles.html
2025.04.21.19.09.31 INFO  utils.LoggerHandler - Verified Gifts, Crafts & Collectibles title
2025.04.21.19.09.32 INFO  utils.LoggerHandler - Clicked On logo
2025.04.21.19.09.35 INFO  utils.LoggerHandler - Clicked On MotorCycles
2025.04.21.19.09.36 INFO  utils.LoggerHandler - Verified Motorcycles-Scooters.html
2025.04.21.19.09.36 INFO  utils.LoggerHandler - Verified Motorcycles & Scooters title
2025.04.21.19.09.37 INFO  utils.LoggerHandler - Clicked On logo
2025.04.21.19.09.39 INFO  utils.LoggerHandler - Clicked On Sealing Package
2025.04.21.19.09.40 INFO  utils.LoggerHandler - Verified Sealing-Packaging-Storage-Shelving.html
2025.04.21.19.09.40 INFO  utils.LoggerHandler - Verified Sealing, Packaging, Storage & Shelving title
2025.04.21.19.09.41 INFO  utils.LoggerHandler - Clicked On logo
2025.04.21.19.09.44 INFO  utils.LoggerHandler - Clicked On Building Materials
2025.04.21.19.09.45 INFO  utils.LoggerHandler - Verified Building-Materials-Supplies.html
2025.04.21.19.09.45 INFO  utils.LoggerHandler - Verified Building Materials & Supplies title
