2025.04.21.18.49.23 INFO  utils.LoggerHandler - Successfully clicked on Machine Tools
2025.04.21.18.49.24 INFO  utils.LoggerHandler - Successfully  verified the url abc
2025.04.21.18.49.25 INFO  utils.LoggerHandler - Successfully  navigated Back
2025.04.21.18.49.25 INFO  utils.LoggerHandler - Successfully clicked on Agricultural Machinery
2025.04.21.18.49.27 INFO  utils.LoggerHandler - Successfully  verified the url abc
2025.04.21.18.49.27 INFO  utils.LoggerHandler - Successfully  navigated Back
2025.04.21.18.49.28 INFO  utils.LoggerHandler - Successfully clicked on Woodworking Machinery
2025.04.21.18.49.30 INFO  utils.LoggerHandler - Successfully  verified the url abc
2025.04.21.18.49.30 INFO  utils.LoggerHandler - Successfully  navigated Back
2025.04.21.18.49.32 INFO  utils.LoggerHandler - Successfully clicked on Plastic Machinery
2025.04.21.18.49.33 INFO  utils.LoggerHandler - Successfully  verified the url abc
2025.04.21.18.49.33 INFO  utils.LoggerHandler - Successfully  navigated Back
2025.04.21.18.49.34 INFO  utils.LoggerHandler - Successfully clicked on Metallic Processing Machinery
2025.04.21.18.49.36 INFO  utils.LoggerHandler - Successfully  verified the url abc
2025.04.21.18.49.36 INFO  utils.LoggerHandler - Successfully  navigated Back
2025.04.21.18.49.38 INFO  utils.LoggerHandler - Successfully clicked on Mould
2025.04.21.18.49.39 INFO  utils.LoggerHandler - Successfully  verified the url abc
2025.04.21.18.49.39 INFO  utils.LoggerHandler - Successfully  navigated Back
2025.04.21.18.49.41 INFO  utils.LoggerHandler - Successfully clicked on Laser Equipment
2025.04.21.18.49.42 INFO  utils.LoggerHandler - Successfully  verified the url abc
2025.04.21.18.49.43 INFO  utils.LoggerHandler - Successfully  navigated Back
2025.04.21.18.49.45 INFO  utils.LoggerHandler - click on casting
2025.04.21.18.49.45 INFO  utils.LoggerHandler - Successfully clicked on Casting & Forging
2025.04.21.18.49.46 INFO  utils.LoggerHandler - Successfully  verified the url abc
2025.04.21.18.49.46 INFO  utils.LoggerHandler - Successfully  navigated Back
2025.04.21.18.49.48 INFO  utils.LoggerHandler - Successfully clicked on Agricultural Machinery
2025.04.21.18.49.49 INFO  utils.LoggerHandler - Successfully  verified the url abc
