2025.04.21.19.15.18 INFO  utils.LoggerHandler - Clicked On popUp
2025.04.21.19.15.19 INFO  utils.LoggerHandler - Clicked On Furniture
2025.04.21.19.15.21 INFO  utils.LoggerHandler - Verified Furniture.html
2025.04.21.19.15.21 INFO  utils.LoggerHandler - Verified Furniture title
2025.04.21.19.15.22 INFO  utils.LoggerHandler - Clicked On logo
2025.04.21.19.15.24 INFO  utils.LoggerHandler - Clicked On Apparel Clothing
2025.04.21.19.15.24 INFO  utils.LoggerHandler - Verified Apparel-Clothing.html
2025.04.21.19.15.24 INFO  utils.LoggerHandler - Verified Apparel Title
2025.04.21.19.15.25 INFO  utils.LoggerHandler - Clicked On logo
2025.04.21.19.15.28 INFO  utils.LoggerHandler - Clicked On Auto Parts
2025.04.21.19.15.28 INFO  utils.LoggerHandler - Verified Auto-Parts-Accessories.html
2025.04.21.19.15.28 INFO  utils.LoggerHandler - Verified Auto Parts & Accessories Title
2025.04.21.19.15.29 INFO  utils.LoggerHandler - Clicked On logo
2025.04.21.19.15.32 INFO  utils.LoggerHandler - Clicked On Bags Cases
2025.04.21.19.15.32 INFO  utils.LoggerHandler - Verified Bags-Cases-Luggages.html
2025.04.21.19.15.33 INFO  utils.LoggerHandler - Verified Bags, Cases & Luggages title
2025.04.21.19.15.34 INFO  utils.LoggerHandler - Clicked On logo
2025.04.21.19.15.36 INFO  utils.LoggerHandler - Clicked On Computer Products
2025.04.21.19.15.37 INFO  utils.LoggerHandler - Verified Computer-Products.html
2025.04.21.19.15.37 INFO  utils.LoggerHandler - Verified Computer Products title
2025.04.21.19.15.38 INFO  utils.LoggerHandler - Clicked On logo
2025.04.21.19.15.40 INFO  utils.LoggerHandler - Clicked On Consumer Electronic
2025.04.21.19.15.41 INFO  utils.LoggerHandler - Verified Consumer-Electronics.html
2025.04.21.19.15.41 INFO  utils.LoggerHandler - Verified Consumer Electronics title
2025.04.21.19.15.42 INFO  utils.LoggerHandler - Clicked On logo
2025.04.21.19.15.45 INFO  utils.LoggerHandler - Clicked On Electrical Equipment
2025.04.21.19.15.45 INFO  utils.LoggerHandler - Verified Electrical-Equipments.html
2025.04.21.19.15.45 INFO  utils.LoggerHandler - Verified Electrical Equipment title
2025.04.21.19.15.46 INFO  utils.LoggerHandler - Clicked On logo
2025.04.21.19.15.49 INFO  utils.LoggerHandler - Clicked On Electronic Components
2025.04.21.19.15.49 INFO  utils.LoggerHandler - Verified Electronic-Components.html
2025.04.21.19.15.50 INFO  utils.LoggerHandler - Verified Electronic Components title
2025.04.21.19.15.51 INFO  utils.LoggerHandler - Clicked On logo
2025.04.21.19.15.54 INFO  utils.LoggerHandler - Clicked On Gift Crafts
2025.04.21.19.15.54 INFO  utils.LoggerHandler - Verified Gifts-Crafts-Collectibles.html
2025.04.21.19.15.54 INFO  utils.LoggerHandler - Verified Gifts, Crafts & Collectibles title
2025.04.21.19.15.55 INFO  utils.LoggerHandler - Clicked On logo
2025.04.21.19.15.59 INFO  utils.LoggerHandler - Clicked On MotorCycles
2025.04.21.19.15.59 INFO  utils.LoggerHandler - Verified Motorcycles-Scooters.html
2025.04.21.19.15.59 INFO  utils.LoggerHandler - Verified Motorcycles & Scooters title
2025.04.21.19.16.00 INFO  utils.LoggerHandler - Clicked On logo
2025.04.21.19.16.02 INFO  utils.LoggerHandler - Clicked On Sealing Package
2025.04.21.19.16.03 INFO  utils.LoggerHandler - Verified Sealing-Packaging-Storage-Shelving.html
2025.04.21.19.16.03 INFO  utils.LoggerHandler - Verified Sealing, Packaging, Storage & Shelving title
2025.04.21.19.16.04 INFO  utils.LoggerHandler - Clicked On logo
2025.04.21.19.16.08 INFO  utils.LoggerHandler - Clicked On Building Materials
2025.04.21.19.16.08 INFO  utils.LoggerHandler - Verified Building-Materials-Supplies.html
2025.04.21.19.16.08 INFO  utils.LoggerHandler - Verified Building Materials & Supplies title
