2025.04.21.17.26.53 INFO  utils.LoggerHandler - Successfully clicked on Machine Tools
2025.04.21.17.26.53 INFO  utils.LoggerHandler - Successfully  verified the url abc
2025.04.21.17.26.53 INFO  utils.LoggerHandler - Successfully  navigated Back
2025.04.21.17.26.58 INFO  utils.LoggerHandler - Successfully clicked on Agricultural Machinery
2025.04.21.17.26.58 INFO  utils.LoggerHandler - Successfully  verified the url abc
2025.04.21.17.26.58 INFO  utils.LoggerHandler - Successfully  navigated Back
2025.04.21.17.27.03 INFO  utils.LoggerHandler - Successfully clicked on Woodworking Machinery
2025.04.21.17.27.03 INFO  utils.LoggerHandler - Successfully  verified the url abc
2025.04.21.17.27.03 INFO  utils.LoggerHandler - Successfully  navigated Back
2025.04.21.17.27.08 INFO  utils.LoggerHandler - Successfully clicked on Plastic Machinery
2025.04.21.17.27.08 INFO  utils.LoggerHandler - Successfully  verified the url abc
2025.04.21.17.27.08 INFO  utils.LoggerHandler - Successfully  navigated Back
2025.04.21.17.27.13 INFO  utils.LoggerHandler - Successfully clicked on Metallic Processing Machinery
2025.04.21.17.27.13 INFO  utils.LoggerHandler - Successfully  verified the url abc
2025.04.21.17.27.13 INFO  utils.LoggerHandler - Successfully  navigated Back
2025.04.21.17.27.18 INFO  utils.LoggerHandler - Successfully clicked on Mould
2025.04.21.17.27.18 INFO  utils.LoggerHandler - Successfully  verified the url abc
2025.04.21.17.27.18 INFO  utils.LoggerHandler - Successfully  navigated Back
2025.04.21.17.27.23 INFO  utils.LoggerHandler - Successfully clicked on Laser Equipment
2025.04.21.17.27.23 INFO  utils.LoggerHandler - Successfully  verified the url abc
2025.04.21.17.27.23 INFO  utils.LoggerHandler - Successfully  navigated Back
2025.04.21.17.27.28 INFO  utils.LoggerHandler - click on casting
2025.04.21.17.27.28 INFO  utils.LoggerHandler - Successfully clicked on Casting & Forging
2025.04.21.17.27.28 INFO  utils.LoggerHandler - Successfully  verified the url abc
2025.04.21.17.27.28 INFO  utils.LoggerHandler - Successfully  navigated Back
2025.04.21.17.27.33 INFO  utils.LoggerHandler - Successfully clicked on Agricultural Machinery
2025.04.21.17.27.33 INFO  utils.LoggerHandler - Successfully  verified the url abc
2025.04.21.17.27.33 INFO  utils.LoggerHandler - Successfully  navigated Back
2025.04.21.17.27.38 INFO  utils.LoggerHandler - Successfully Clicked on the Manufacturing & Processing Machinery
2025.04.21.17.27.38 INFO  utils.LoggerHandler - Successfully  verified the heading Manufacturing & Processing Machinery
2025.04.21.17.27.38 INFO  utils.LoggerHandler - Successfully  navigated Back
2025.04.21.17.27.40 INFO  utils.LoggerHandler - Successfully Clicked on the Consumer Electronics
2025.04.21.17.27.40 INFO  utils.LoggerHandler - Successfully  verified the heading Consumer Electronics
2025.04.21.17.27.41 INFO  utils.LoggerHandler - Successfully  navigated Back
2025.04.21.17.27.45 INFO  utils.LoggerHandler - Successfully Clicked on the Industrial Equipment & Components
2025.04.21.17.27.45 INFO  utils.LoggerHandler - Successfully  verified the heading Industrial Equipment & Components
2025.04.21.17.27.45 INFO  utils.LoggerHandler - Successfully  navigated Back
2025.04.21.17.27.47 INFO  utils.LoggerHandler - Successfully Clicked on the Electrical & Electronics
2025.04.21.17.27.47 INFO  utils.LoggerHandler - Successfully  verified the heading Electrical & Electronics
2025.04.21.17.27.48 INFO  utils.LoggerHandler - Successfully  navigated Back
2025.04.21.17.27.49 INFO  utils.LoggerHandler - Successfully Clicked on the Construction & Decoration
2025.04.21.17.27.49 INFO  utils.LoggerHandler - Successfully  verified the heading Construction & Decoration
2025.04.21.17.27.50 INFO  utils.LoggerHandler - Successfully  navigated Back
2025.04.21.17.27.51 INFO  utils.LoggerHandler - Successfully Clicked on the Light Industry & Daily Use
2025.04.21.17.27.52 INFO  utils.LoggerHandler - Successfully  verified the heading Light Industry & Daily Use
2025.04.21.17.27.52 INFO  utils.LoggerHandler - Successfully  navigated Back
2025.04.21.17.27.54 INFO  utils.LoggerHandler - Successfully Clicked on the Auto, Motorcycle Parts & Accessories
2025.04.21.17.27.54 INFO  utils.LoggerHandler - Successfully  verified the heading Auto, Motorcycle Parts & Accessories
2025.04.21.17.27.54 INFO  utils.LoggerHandler - Successfully  navigated Back
2025.04.21.17.27.56 INFO  utils.LoggerHandler - Successfully Clicked on the Apparel & Accessories
2025.04.21.17.27.56 INFO  utils.LoggerHandler - Successfully  verified the heading Apparel & Accessories
2025.04.21.17.27.56 INFO  utils.LoggerHandler - Successfully  navigated Back
2025.04.21.17.27.58 INFO  utils.LoggerHandler - Successfully Clicked on the Lights & Lighting
2025.04.21.17.27.58 INFO  utils.LoggerHandler - Successfully  verified the heading Lights & Lighting
2025.04.21.17.27.58 INFO  utils.LoggerHandler - Successfully  navigated Back
2025.04.21.17.28.00 INFO  utils.LoggerHandler - Successfully Clicked on the Sporting Goods & Recreation
2025.04.21.17.28.00 INFO  utils.LoggerHandler - Successfully  verified the heading Sporting Goods & Recreation
