2025.04.21.19.32.35 INFO  utils.LoggerHandler - Successfully clicked on Machine Tools
2025.04.21.19.32.37 INFO  utils.LoggerHandler - Successfully  verified the url /Manufacturing-Processing-Machinery-Catalog/Machine-Tools.html
2025.04.21.19.32.37 INFO  utils.LoggerHandler - Successfully  navigated Back
2025.04.21.19.32.37 INFO  utils.LoggerHandler - Successfully clicked on Engineering & Construction Machinery
2025.04.21.19.32.39 INFO  utils.LoggerHandler - Successfully  verified the url /Manufacturing-Processing-Machinery-Catalog/Engineering-Construction-Machinery.html
2025.04.21.19.32.39 INFO  utils.LoggerHandler - Successfully  navigated Back
2025.04.21.19.32.40 INFO  utils.LoggerHandler - Successfully clicked on Woodworking Machinery
2025.04.21.19.32.41 INFO  utils.LoggerHandler - Successfully  verified the url /Manufacturing-Processing-Machinery-Catalog/Woodworking-Machinery.html
2025.04.21.19.32.41 INFO  utils.LoggerHandler - Successfully  navigated Back
2025.04.21.19.32.42 INFO  utils.LoggerHandler - Successfully clicked on Plastic Machinery
2025.04.21.19.32.44 INFO  utils.LoggerHandler - Successfully  verified the url /Manufacturing-Processing-Machinery-Catalog/Plastic-Machinery.html
2025.04.21.19.32.44 INFO  utils.LoggerHandler - Successfully  navigated Back
2025.04.21.19.32.44 INFO  utils.LoggerHandler - Successfully clicked on Metallic Processing Machinery
2025.04.21.19.32.46 INFO  utils.LoggerHandler - Successfully  verified the url /Manufacturing-Processing-Machinery-Catalog/Metallic-Processing-Machinery.html
2025.04.21.19.32.46 INFO  utils.LoggerHandler - Successfully  navigated Back
2025.04.21.19.32.47 INFO  utils.LoggerHandler - Successfully clicked on Mould
2025.04.21.19.32.48 INFO  utils.LoggerHandler - Successfully  verified the url /Manufacturing-Processing-Machinery-Catalog/Mould.html
2025.04.21.19.32.48 INFO  utils.LoggerHandler - Successfully  navigated Back
2025.04.21.19.32.49 INFO  utils.LoggerHandler - Successfully clicked on Laser Equipment
2025.04.21.19.32.51 INFO  utils.LoggerHandler - Successfully  verified the url /Manufacturing-Processing-Machinery-Catalog/Laser-Equipment.html
2025.04.21.19.32.51 INFO  utils.LoggerHandler - Successfully  navigated Back
2025.04.21.19.32.52 INFO  utils.LoggerHandler - click on casting
2025.04.21.19.32.52 INFO  utils.LoggerHandler - Successfully clicked on Casting & Forging
2025.04.21.19.32.53 INFO  utils.LoggerHandler - Successfully  verified the url /Manufacturing-Processing-Machinery-Catalog/Casting-Forging.html
2025.04.21.19.32.53 INFO  utils.LoggerHandler - Successfully  navigated Back
2025.04.21.19.32.54 INFO  utils.LoggerHandler - Successfully clicked on Agricultural Machinery
2025.04.21.19.32.55 INFO  utils.LoggerHandler - Successfully  verified the url /Manufacturing-Processing-Machinery-Catalog/Agricultural-Machinery.html
